Using pre-set license
Built from '2020.2/release' branch; Version is '2020.2.1f1 (270dd8c3da1c) revision 2559448'; Using compiler version '192528614'; Build Type 'Release'
OS: 'Windows 10  (10.0.0) 64bit' Language: 'en' Physical Memory: 32728 MB
BatchMode: 1, IsHumanControllingUs: 0, StartBugReporterOnCrash: 0, Is64bit: 1, IsPro: 0

 COMMAND LINE ARGUMENTS:
C:\Program Files\Unity\Hub\Editor\2020.2.1f1\Editor\Unity.exe
-adb2
-batchMode
-noUpm
-name
AssetImportWorker0
-projectPath
C:/Users/jrawl/Documents/GitHub/GPE205/UATanksJRawlings
-logFile
Logs/AssetImportWorker0.log
-srvPort
64556
Successfully changed project path to: C:/Users/jrawl/Documents/GitHub/GPE205/UATanksJRawlings
C:/Users/jrawl/Documents/GitHub/GPE205/UATanksJRawlings
Using Asset Import Pipeline V2.
Refreshing native plugins compatible for Editor in 19.01 ms, found 0 plugins.
Preloading 0 native plugins for Editor in 0.00 ms.
Initialize engine version: 2020.2.1f1 (270dd8c3da1c)
[Subsystems] Discovering subsystems at path C:/Program Files/Unity/Hub/Editor/2020.2.1f1/Editor/Data/Resources/UnitySubsystems
[Subsystems] Discovering subsystems at path C:/Users/jrawl/Documents/GitHub/GPE205/UATanksJRawlings/Assets
GfxDevice: creating device client; threaded=0
Direct3D:
    Version:  Direct3D 11.0 [level 11.1]
    Renderer: NVIDIA GeForce GTX 1070 (ID=0x1b81)
    Vendor:   
    VRAM:     8088 MB
    Driver:   27.21.14.6109
Initialize mono
Mono path[0] = 'C:/Program Files/Unity/Hub/Editor/2020.2.1f1/Editor/Data/Managed'
Mono path[1] = 'C:/Program Files/Unity/Hub/Editor/2020.2.1f1/Editor/Data/MonoBleedingEdge/lib/mono/unityjit'
Mono config path = 'C:/Program Files/Unity/Hub/Editor/2020.2.1f1/Editor/Data/MonoBleedingEdge/etc'
Using monoOptions --debugger-agent=transport=dt_socket,embedding=1,server=y,suspend=n,address=127.0.0.1:56864
Begin MonoManager ReloadAssembly
Registering precompiled unity dll's ...
Register platform support module: C:/Program Files/Unity/Hub/Editor/2020.2.1f1/Editor/Data/PlaybackEngines/WebGLSupport/UnityEditor.WebGL.Extensions.dll
Register platform support module: C:/Program Files/Unity/Hub/Editor/2020.2.1f1/Editor/Data/PlaybackEngines/MacStandaloneSupport/UnityEditor.OSXStandalone.Extensions.dll
Register platform support module: C:/Program Files/Unity/Hub/Editor/2020.2.1f1/Editor/Data/PlaybackEngines/WindowsStandaloneSupport/UnityEditor.WindowsStandalone.Extensions.dll
Register platform support module: C:/Program Files/Unity/Hub/Editor/2020.2.1f1/Editor/Data/PlaybackEngines/LinuxStandaloneSupport/UnityEditor.LinuxStandalone.Extensions.dll
Registered in 0.002650 seconds.
Native extension for LinuxStandalone target not found
Native extension for WindowsStandalone target not found
Native extension for OSXStandalone target not found
Native extension for WebGL target not found
Refreshing native plugins compatible for Editor in 18.38 ms, found 0 plugins.
Preloading 0 native plugins for Editor in 0.00 ms.
Invoked RoslynAnalysisRunner static constructor.
RoslynAnalysisRunner will not be running.
RoslynAnalysisRunner has terminated.
Mono: successfully reloaded assembly
- Completed reload, in  1.740 seconds
Platform modules already initialized, skipping
Registering precompiled user dll's ...
Registered in 0.000578 seconds.
Begin MonoManager ReloadAssembly
Native extension for LinuxStandalone target not found
Native extension for WindowsStandalone target not found
Native extension for OSXStandalone target not found
Native extension for WebGL target not found
Refreshing native plugins compatible for Editor in 0.25 ms, found 0 plugins.
Preloading 0 native plugins for Editor in 0.00 ms.
Invoked RoslynAnalysisRunner static constructor.
RoslynAnalysisRunner will not be running.
RoslynAnalysisRunner has terminated.
Mono: successfully reloaded assembly
- Completed reload, in  0.683 seconds
Platform modules already initialized, skipping
========================================================================
Worker process is ready to serve import requests
Launched and connected shader compiler UnityShaderCompiler.exe after 0.02 seconds
Refreshing native plugins compatible for Editor in 0.17 ms, found 0 plugins.
Preloading 0 native plugins for Editor in 0.00 ms.
Unloading 1094 Unused Serialized files (Serialized files now loaded: 0)
System memory in use before: 55.9 MB.
System memory in use after: 55.9 MB.

Unloading 10 unused Assets to reduce memory usage. Loaded Objects now: 1533.
Total: 1.618400 ms (FindLiveObjects: 0.201900 ms CreateObjectMapping: 0.046100 ms MarkObjects: 1.307000 ms  DeleteObjects: 0.062100 ms)

========================================================================
Received Import Request.
  path: Assets/Scenes
  artifactKey: Guid(cbb22331027c7ff43b415f45967fed2e) Importer(815301076,1909f56bfc062723c751e8b465ee728b)
Start importing Assets/Scenes using Guid(cbb22331027c7ff43b415f45967fed2e) Importer(815301076,1909f56bfc062723c751e8b465ee728b)  -> (artifact id: '7a1b74a1d80ef15fa438e191954c3ca6') in 0.142755 seconds
  Import took 0.145175 seconds .

========================================================================
Received Import Request.
  Time since last request: 0.000420 seconds.
  path: Assets/Scenes/SampleScene.unity
  artifactKey: Guid(9fc0d4010bbf28b4594072e72b8655ab) Importer(815301076,1909f56bfc062723c751e8b465ee728b)
Start importing Assets/Scenes/SampleScene.unity using Guid(9fc0d4010bbf28b4594072e72b8655ab) Importer(815301076,1909f56bfc062723c751e8b465ee728b)  -> (artifact id: '016640421bf54ce873cbc7b610fdb87c') in 0.015441 seconds
  Import took 0.017559 seconds .

========================================================================
Received Import Request.
  Time since last request: 110.737581 seconds.
  path: Assets/Objects
  artifactKey: Guid(bb2c7f3b0e47676468c4f7d5668720b2) Importer(815301076,1909f56bfc062723c751e8b465ee728b)
Start importing Assets/Objects using Guid(bb2c7f3b0e47676468c4f7d5668720b2) Importer(815301076,1909f56bfc062723c751e8b465ee728b)  -> (artifact id: 'd779d133f507b6fe83e0abda9bcd7d7c') in 0.006875 seconds
  Import took 0.008625 seconds .

========================================================================
Received Import Request.
  Time since last request: 2.570084 seconds.
  path: Assets/Objects/Tank
  artifactKey: Guid(4fac19db850cc7d479503381ed925756) Importer(815301076,1909f56bfc062723c751e8b465ee728b)
Start importing Assets/Objects/Tank using Guid(4fac19db850cc7d479503381ed925756) Importer(815301076,1909f56bfc062723c751e8b465ee728b)  -> (artifact id: 'b892124185c1d63427961b1930d0a91b') in 0.009094 seconds
  Import took 0.011394 seconds .

========================================================================
Received Import Request.
  Time since last request: 0.113002 seconds.
  path: Assets/Objects/Tank/Tank.prefab
  artifactKey: Guid(65e92f227846e794883569c427a9c4c3) Importer(815301076,1909f56bfc062723c751e8b465ee728b)
Start importing Assets/Objects/Tank/Tank.prefab using Guid(65e92f227846e794883569c427a9c4c3) Importer(815301076,1909f56bfc062723c751e8b465ee728b)  -> (artifact id: 'a78152a279ead489e95f1d2f966bfe8f') in 0.231401 seconds
  Import took 0.234032 seconds .

========================================================================
Received Import Request.
  Time since last request: 7.311402 seconds.
  path: Assets
  artifactKey: Guid(00000000000000001000000000000000) Importer(815301076,1909f56bfc062723c751e8b465ee728b)
Start importing Assets using Guid(00000000000000001000000000000000) Importer(815301076,1909f56bfc062723c751e8b465ee728b)  -> (artifact id: 'e1a2c4dac9df7c17871e19a3b74f0e9f') in 0.006374 seconds
  Import took 0.008358 seconds .

========================================================================
Received Import Request.
  Time since last request: 12.122617 seconds.
  path: Assets/Scripts
  artifactKey: Guid(eeec92df7b63c354b819d11366dd504e) Importer(815301076,1909f56bfc062723c751e8b465ee728b)
Start importing Assets/Scripts using Guid(eeec92df7b63c354b819d11366dd504e) Importer(815301076,1909f56bfc062723c751e8b465ee728b)  -> (artifact id: '88378030d28bbf3ac28158bac638b3bc') in 0.006144 seconds
  Import took 0.009378 seconds .

========================================================================
Received Import Request.
  Time since last request: 12.506637 seconds.
  path: Assets/Scripts/TankMotor.cs
  artifactKey: Guid(1f742cf3c242d514b87e62545d3ae2d0) Importer(815301076,1909f56bfc062723c751e8b465ee728b)
Start importing Assets/Scripts/TankMotor.cs using Guid(1f742cf3c242d514b87e62545d3ae2d0) Importer(815301076,1909f56bfc062723c751e8b465ee728b)  -> (artifact id: 'af6c64384562a59a01e9271f06517bd1') in 0.012125 seconds
  Import took 0.015140 seconds .

========================================================================
Received Prepare
Registering precompiled user dll's ...
Registered in 0.000540 seconds.
Begin MonoManager ReloadAssembly
Native extension for LinuxStandalone target not found
Native extension for WindowsStandalone target not found
Native extension for OSXStandalone target not found
Native extension for WebGL target not found
Refreshing native plugins compatible for Editor in 0.18 ms, found 0 plugins.
Preloading 0 native plugins for Editor in 0.00 ms.
Invoked RoslynAnalysisRunner static constructor.
RoslynAnalysisRunner will not be running.
RoslynAnalysisRunner has terminated.
Mono: successfully reloaded assembly
- Completed reload, in  0.644 seconds
Platform modules already initialized, skipping
Refreshing native plugins compatible for Editor in 0.27 ms, found 0 plugins.
Preloading 0 native plugins for Editor in 0.00 ms.
Unloading 1090 Unused Serialized files (Serialized files now loaded: 0)
System memory in use before: 59.5 MB.
System memory in use after: 59.5 MB.

Unloading 5 unused Assets to reduce memory usage. Loaded Objects now: 1548.
Total: 1.536500 ms (FindLiveObjects: 0.205100 ms CreateObjectMapping: 0.045200 ms MarkObjects: 1.247400 ms  DeleteObjects: 0.037100 ms)

========================================================================
Received Import Request.
  Time since last request: 24.216362 seconds.
  path: Assets/Scripts/TankMotor.cs
  artifactKey: Guid(1f742cf3c242d514b87e62545d3ae2d0) Importer(815301076,1909f56bfc062723c751e8b465ee728b)
Start importing Assets/Scripts/TankMotor.cs using Guid(1f742cf3c242d514b87e62545d3ae2d0) Importer(815301076,1909f56bfc062723c751e8b465ee728b)  -> (artifact id: '929c8fb9b668651cd8af75674a917808') in 0.005063 seconds
  Import took 0.008475 seconds .

========================================================================
Received Import Request.
  Time since last request: 32.669874 seconds.
  path: Assets/Scripts/TankData.cs
  artifactKey: Guid(6f6152d937d65f14dbd93f2ae41e93fe) Importer(815301076,1909f56bfc062723c751e8b465ee728b)
Start importing Assets/Scripts/TankData.cs using Guid(6f6152d937d65f14dbd93f2ae41e93fe) Importer(815301076,1909f56bfc062723c751e8b465ee728b)  -> (artifact id: '25009f455654ec9ce9da617fd6890a7c') in 0.007165 seconds
  Import took 0.009799 seconds .

========================================================================
Received Import Request.
  Time since last request: 52.191667 seconds.
  path: Assets/Scripts/TankController.cs
  artifactKey: Guid(cfc9b27c10ce1f049a0d979dd052c02a) Importer(815301076,1909f56bfc062723c751e8b465ee728b)
Start importing Assets/Scripts/TankController.cs using Guid(cfc9b27c10ce1f049a0d979dd052c02a) Importer(815301076,1909f56bfc062723c751e8b465ee728b)  -> (artifact id: 'ab66c903ca7ee00c27ebe46c5ac8f220') in 0.007716 seconds
  Import took 0.010332 seconds .

AssetImportWorkerClient::OnTransportError - code=2 error=End of file
